2024-12-16T22:49:45.376117+0100 | INFO | Running Step 1: Structured Content Extraction...
2024-12-16T22:49:45.376117+0100 | INFO | Initializing GrobidExtractor...
2024-12-16T22:49:45.377098+0100 | INFO | Starting GROBID extraction...
2024-12-16T22:49:45.378101+0100 | INFO | Sending PDF to GROBID API at http://localhost:8070/api/processFulltextDocument...
2024-12-16T22:49:47.722682+0100 | INFO | Successfully extracted metadata from GROBID.
2024-12-16T23:02:44.640094+0100 | INFO | Running Step 2: Structured Content Extraction...
2024-12-16T23:02:44.641095+0100 | INFO | Initializing GrobidExtractor...
2024-12-16T23:02:44.646837+0100 | INFO | Starting GROBID extraction...
2024-12-16T23:02:44.647351+0100 | ERROR | Error during GROBID extraction: name 'requests' is not defined
2024-12-16T23:03:41.988594+0100 | INFO | Exiting the preprocessing pipeline.
2024-12-16T23:03:45.347636+0100 | INFO | Running Step 2: Structured Content Extraction...
2024-12-16T23:03:45.347636+0100 | INFO | Initializing GrobidExtractor...
2024-12-16T23:03:45.348647+0100 | INFO | Starting GROBID extraction...
2024-12-16T23:03:47.750022+0100 | INFO | Parsing XML and saving as JSON...
2024-12-16T23:03:47.751023+0100 | ERROR | Error during GROBID extraction: Couldn't find a tree builder with the features you requested: lxml. Do you need to install a parser library?
2024-12-16T23:05:04.351833+0100 | INFO | Exiting the preprocessing pipeline.
2024-12-16T23:05:19.685760+0100 | INFO | Running Step 2: Structured Content Extraction...
2024-12-16T23:05:19.685760+0100 | INFO | Initializing GrobidExtractor...
2024-12-16T23:05:19.686755+0100 | INFO | Starting GROBID extraction...
2024-12-16T23:05:21.730154+0100 | INFO | Parsing XML and saving as JSON...
2024-12-16T23:05:21.789539+0100 | INFO | Structured data saved to JSON: C:\Users\Mohd Uwaish\Desktop\MS\SEM_4\MIR_SEMINAR\digis\data-preprocessing\data\processed\paper_processed.json
2024-12-16T23:16:50.051159+0100 | INFO | Exiting the preprocessing pipeline.
2024-12-16T23:16:52.837310+0100 | INFO | Running Step 2: Structured Content Extraction...
2024-12-16T23:16:52.837310+0100 | INFO | Initializing GrobidExtractor...
2024-12-16T23:16:52.837310+0100 | INFO | Starting GROBID extraction...
2024-12-16T23:16:55.064935+0100 | INFO | Parsing XML and saving as JSON...
2024-12-16T23:16:55.173302+0100 | INFO | Structured data saved to JSON: C:\Users\Mohd Uwaish\Desktop\MS\SEM_4\MIR_SEMINAR\digis\data-preprocessing\data\processed\paper_processed.json
2024-12-16T23:17:06.357328+0100 | INFO | Running Step 2: Structured Content Extraction...
2024-12-16T23:17:06.358325+0100 | INFO | Initializing GrobidExtractor...
2024-12-16T23:17:06.358325+0100 | INFO | Starting GROBID extraction...
2024-12-16T23:17:08.364313+0100 | INFO | Parsing XML and saving as JSON...
2024-12-16T23:17:08.490910+0100 | INFO | Structured data saved to JSON: C:\Users\Mohd Uwaish\Desktop\MS\SEM_4\MIR_SEMINAR\digis\data-preprocessing\data\processed\paper_processed.json
2024-12-17T10:08:52.865167+0100 | INFO | Running Step 3: Clean and Index Extracted Sections...
2024-12-17T10:08:52.866983+0100 | ERROR | File not found: data/processed\paper_extracted.json. Run Step 2 first.
2024-12-17T10:16:41.254271+0100 | INFO | Running Step 3: Clean and Index Extracted Sections...
2024-12-17T10:16:41.255286+0100 | ERROR | File not found: data/processed\paper_extracted.json. Run Step 2 first.
2024-12-17T10:16:42.551715+0100 | INFO | Exiting Preprocessing Pipeline.
2024-12-17T10:16:49.170377+0100 | INFO | Running Step 3: Clean and Index Extracted Sections...
2024-12-17T10:16:49.171375+0100 | INFO | Initializing TextCleaner...
2024-12-17T10:16:49.171375+0100 | ERROR | File not found: C:\Users\Mohd Uwaish\Desktop\MS\SEM_4\MIR_SEMINAR\digis\data-preprocessing\data/processed\paper_extracted.json. Run Step 2 first.
2024-12-17T10:17:18.534625+0100 | INFO | Exiting the preprocessing pipeline.
2024-12-17T10:17:21.076521+0100 | INFO | Running Step 3: Clean and Index Extracted Sections...
2024-12-17T10:17:21.077615+0100 | INFO | Initializing TextCleaner...
2024-12-17T10:17:21.077615+0100 | INFO | Starting cleaning and indexing of extracted sections...
2024-12-17T10:17:21.086299+0100 | INFO | Cleaning section 1: I. INTRODUCTION
2024-12-17T10:17:21.087283+0100 | INFO | Cleaning section 2: II. SIMULATION DETAILS
2024-12-17T10:17:21.088668+0100 | INFO | Cleaning section 3: III. RESULTS AND DISCUSSION
2024-12-17T10:17:21.090177+0100 | INFO | Cleaning section 4: A. Directional Interactions in Acetonitrile:Acetylene
2024-12-17T10:17:21.090177+0100 | INFO | Cleaning section 5: B. Disordered Orientational Structure
2024-12-17T10:17:21.091254+0100 | INFO | Cleaning section 6: C. Rotational Dynamics of Acetonitrile
2024-12-17T10:17:21.092216+0100 | INFO | Cleaning section 7: D. Interaction Dynamics
2024-12-17T10:17:21.093306+0100 | INFO | Cleaning section 8: IV. CONCLUSION
2024-12-17T10:17:21.098844+0100 | INFO | Cleaned and indexed JSON saved to: C:\Users\Mohd Uwaish\Desktop\MS\SEM_4\MIR_SEMINAR\digis\data-preprocessing\data\cleaned\paper_data_extracted.json
2024-12-17T10:17:21.098844+0100 | INFO | Cleaned JSON saved at C:\Users\Mohd Uwaish\Desktop\MS\SEM_4\MIR_SEMINAR\digis\data-preprocessing\data\cleaned\paper_data_extracted.json
2024-12-17T10:20:41.577568+0100 | INFO | Exiting the preprocessing pipeline.
2024-12-17T10:20:46.510584+0100 | INFO | Running Step 3: Clean and Index Extracted Sections...
2024-12-17T10:20:46.511504+0100 | INFO | Initializing TextCleaner...
2024-12-17T10:20:46.512502+0100 | INFO | Starting cleaning and indexing of extracted sections...
2024-12-17T10:20:46.513511+0100 | INFO | Cleaning sections in C:\Users\Mohd Uwaish\Desktop\MS\SEM_4\MIR_SEMINAR\digis\data-preprocessing\data\processed\paper_data_extracted.json...
2024-12-17T10:20:46.514499+0100 | INFO | Cleaning section: I. INTRODUCTION
2024-12-17T10:20:46.515502+0100 | INFO | Cleaning section: II. SIMULATION DETAILS
2024-12-17T10:20:46.516514+0100 | INFO | Cleaning section: III. RESULTS AND DISCUSSION
2024-12-17T10:20:46.516514+0100 | INFO | Cleaning section: A. Directional Interactions in Acetonitrile:Acetylene
2024-12-17T10:20:46.517499+0100 | INFO | Cleaning section: B. Disordered Orientational Structure
2024-12-17T10:20:46.518593+0100 | INFO | Cleaning section: C. Rotational Dynamics of Acetonitrile
2024-12-17T10:20:46.520500+0100 | INFO | Cleaning section: D. Interaction Dynamics
2024-12-17T10:20:46.520500+0100 | INFO | Cleaning section: IV. CONCLUSION
2024-12-17T10:20:46.527857+0100 | INFO | Cleaned JSON saved to C:\Users\Mohd Uwaish\Desktop\MS\SEM_4\MIR_SEMINAR\digis\data-preprocessing\data\cleaned\paper_data_extracted_cleaned.json
2024-12-17T10:20:46.529868+0100 | INFO | Cleaned JSON saved at C:\Users\Mohd Uwaish\Desktop\MS\SEM_4\MIR_SEMINAR\digis\data-preprocessing\data\cleaned\paper_data_extracted_cleaned.json
2024-12-17T10:21:46.030155+0100 | INFO | Exiting the preprocessing pipeline.
2024-12-17T10:25:20.769389+0100 | INFO | Running Step 3: Clean and Index Extracted Sections...
2024-12-17T10:25:20.769389+0100 | INFO | Initializing TextCleaner...
2024-12-17T10:25:20.770391+0100 | INFO | Starting cleaning and indexing of extracted sections...
2024-12-17T10:25:20.772441+0100 | INFO | Cleaning section 1: I. INTRODUCTION
2024-12-17T10:25:20.773391+0100 | INFO | Cleaning section 2: II. SIMULATION DETAILS
2024-12-17T10:25:20.774419+0100 | INFO | Cleaning section 3: III. RESULTS AND DISCUSSION
2024-12-17T10:25:20.774419+0100 | INFO | Cleaning section 4: A. Directional Interactions in Acetonitrile:Acetylene
2024-12-17T10:25:20.775407+0100 | INFO | Cleaning section 5: B. Disordered Orientational Structure
2024-12-17T10:25:20.776391+0100 | INFO | Cleaning section 6: C. Rotational Dynamics of Acetonitrile
2024-12-17T10:25:20.777389+0100 | INFO | Cleaning section 7: D. Interaction Dynamics
2024-12-17T10:25:20.778389+0100 | INFO | Cleaning section 8: IV. CONCLUSION
2024-12-17T10:25:20.784394+0100 | INFO | Cleaned and indexed JSON saved to: C:\Users\Mohd Uwaish\Desktop\MS\SEM_4\MIR_SEMINAR\digis\data-preprocessing\data\cleaned\paper_data_extracted.json
2024-12-17T10:25:20.785578+0100 | INFO | Cleaned JSON saved at C:\Users\Mohd Uwaish\Desktop\MS\SEM_4\MIR_SEMINAR\digis\data-preprocessing\data\cleaned\paper_data_extracted.json
2024-12-17T10:33:49.518529+0100 | INFO | Exiting the preprocessing pipeline.
2024-12-17T10:33:52.091088+0100 | INFO | Running Step 3: Clean and Index Extracted Sections...
2024-12-17T10:33:52.092089+0100 | INFO | Initializing TextCleaner...
2024-12-17T10:33:52.093106+0100 | INFO | Starting cleaning and indexing of extracted sections...
2024-12-17T10:33:52.094097+0100 | INFO | Cleaning section 1: I. INTRODUCTION
2024-12-17T10:33:52.095170+0100 | ERROR | Error during text cleaning: incomplete escape \u at position 0
2024-12-17T10:34:50.779614+0100 | INFO | Exiting the preprocessing pipeline.
2024-12-17T10:34:53.279356+0100 | INFO | Running Step 3: Clean and Index Extracted Sections...
2024-12-17T10:34:53.280356+0100 | INFO | Initializing TextCleaner...
2024-12-17T10:34:53.281361+0100 | INFO | Starting cleaning and indexing of extracted sections...
2024-12-17T10:34:53.282359+0100 | INFO | Cleaning section 1: I. INTRODUCTION
2024-12-17T10:34:53.284446+0100 | INFO | Cleaning section 2: II. SIMULATION DETAILS
2024-12-17T10:34:53.284836+0100 | INFO | Cleaning section 3: III. RESULTS AND DISCUSSION
2024-12-17T10:34:53.285848+0100 | INFO | Cleaning section 4: A. Directional Interactions in Acetonitrile:Acetylene
2024-12-17T10:34:53.285848+0100 | INFO | Cleaning section 5: B. Disordered Orientational Structure
2024-12-17T10:34:53.286849+0100 | INFO | Cleaning section 6: C. Rotational Dynamics of Acetonitrile
2024-12-17T10:34:53.288851+0100 | INFO | Cleaning section 7: D. Interaction Dynamics
2024-12-17T10:34:53.288851+0100 | INFO | Cleaning section 8: IV. CONCLUSION
2024-12-17T10:34:53.295854+0100 | INFO | Cleaned and indexed JSON saved to: C:\Users\Mohd Uwaish\Desktop\MS\SEM_4\MIR_SEMINAR\digis\data-preprocessing\data\cleaned\paper_data_extracted.json
2024-12-17T10:34:53.296848+0100 | INFO | Cleaned JSON saved at C:\Users\Mohd Uwaish\Desktop\MS\SEM_4\MIR_SEMINAR\digis\data-preprocessing\data\cleaned\paper_data_extracted.json
2024-12-17T10:37:21.400053+0100 | INFO | Exiting the preprocessing pipeline.
2024-12-17T10:37:24.014139+0100 | INFO | Running Step 3: Clean and Index Extracted Sections...
2024-12-17T10:37:24.015139+0100 | INFO | Initializing TextCleaner...
2024-12-17T10:37:24.016170+0100 | INFO | Starting cleaning and indexing of extracted sections...
2024-12-17T10:37:24.017147+0100 | INFO | Cleaning section 1: I. INTRODUCTION
2024-12-17T10:37:24.019209+0100 | INFO | Cleaning section 2: II. SIMULATION DETAILS
2024-12-17T10:37:24.020142+0100 | INFO | Cleaning section 3: III. RESULTS AND DISCUSSION
2024-12-17T10:37:24.020142+0100 | INFO | Cleaning section 4: A. Directional Interactions in Acetonitrile:Acetylene
2024-12-17T10:37:24.021150+0100 | INFO | Cleaning section 5: B. Disordered Orientational Structure
2024-12-17T10:37:24.022140+0100 | INFO | Cleaning section 6: C. Rotational Dynamics of Acetonitrile
2024-12-17T10:37:24.023138+0100 | INFO | Cleaning section 7: D. Interaction Dynamics
2024-12-17T10:37:24.024141+0100 | INFO | Cleaning section 8: IV. CONCLUSION
2024-12-17T10:37:24.031136+0100 | INFO | Cleaned and indexed JSON saved to: C:\Users\Mohd Uwaish\Desktop\MS\SEM_4\MIR_SEMINAR\digis\data-preprocessing\data\cleaned\paper_data_extracted.json
2024-12-17T10:37:24.032144+0100 | INFO | Cleaned JSON saved at C:\Users\Mohd Uwaish\Desktop\MS\SEM_4\MIR_SEMINAR\digis\data-preprocessing\data\cleaned\paper_data_extracted.json
2024-12-17T11:20:52.088983+0100 | INFO | Exiting the preprocessing pipeline.
2024-12-17T11:20:56.097429+0100 | INFO | Running Step 3: Clean and Index Extracted Sections...
2024-12-17T11:20:56.098430+0100 | INFO | Initializing TextCleaner...
2024-12-17T11:20:56.099429+0100 | INFO | Starting cleaning and indexing of extracted sections...
2024-12-17T11:20:56.121549+0100 | INFO | Cleaning section 1: I. INTRODUCTION
2024-12-17T11:20:56.123571+0100 | INFO | Cleaning section 2: II. SIMULATION DETAILS
2024-12-17T11:20:56.124138+0100 | INFO | Cleaning section 3: III. RESULTS AND DISCUSSION
2024-12-17T11:20:56.125145+0100 | INFO | Cleaning section 4: A. Directional Interactions in Acetonitrile:Acetylene
2024-12-17T11:20:56.125145+0100 | INFO | Cleaning section 5: B. Disordered Orientational Structure
2024-12-17T11:20:56.126157+0100 | INFO | Cleaning section 6: C. Rotational Dynamics of Acetonitrile
2024-12-17T11:20:56.127144+0100 | INFO | Cleaning section 7: D. Interaction Dynamics
2024-12-17T11:20:56.128145+0100 | INFO | Cleaning section 8: IV. CONCLUSION
2024-12-17T11:20:56.133240+0100 | INFO | Cleaned and indexed JSON saved to: C:\Users\Mohd Uwaish\Desktop\MS\SEM_4\MIR_SEMINAR\digis\data-preprocessing\data\cleaned\paper_data_extracted.json
2024-12-17T11:20:56.135150+0100 | INFO | Cleaned JSON saved at C:\Users\Mohd Uwaish\Desktop\MS\SEM_4\MIR_SEMINAR\digis\data-preprocessing\data\cleaned\paper_data_extracted.json
2024-12-17T19:20:12.767147+0100 | INFO | Running Step 2: Structured Content Extraction...
2024-12-17T19:20:12.769147+0100 | INFO | Initializing GrobidExtractor...
2024-12-17T19:20:12.770123+0100 | INFO | Starting GROBID extraction...
2024-12-17T19:20:15.150756+0100 | INFO | Parsing XML and saving as JSON...
2024-12-17T19:20:15.283737+0100 | INFO | Structured data saved to JSON: C:\Users\Mohd Uwaish\Desktop\MS\SEM_4\MIR_SEMINAR\digis\data-preprocessing\data\processed\paper_data_extracted.json
2024-12-17T19:21:06.251764+0100 | INFO | Running Step 2: Structured Content Extraction...
2024-12-17T19:21:06.252711+0100 | INFO | Initializing GrobidExtractor...
2024-12-17T19:21:06.253727+0100 | INFO | Starting GROBID extraction...
2024-12-17T19:21:08.506908+0100 | INFO | Parsing XML and saving as JSON...
2024-12-17T19:21:08.644727+0100 | INFO | Structured data saved to JSON: C:\Users\Mohd Uwaish\Desktop\MS\SEM_4\MIR_SEMINAR\digis\data-preprocessing\data\processed\paper_data_extracted.json
2024-12-17T19:22:01.775683+0100 | INFO | Exiting the preprocessing pipeline.
2024-12-17T19:22:05.363371+0100 | INFO | Running Step 2: Structured Content Extraction...
2024-12-17T19:22:05.364373+0100 | INFO | Initializing GrobidExtractor...
2024-12-17T19:22:05.365401+0100 | INFO | Starting GROBID extraction...
2024-12-17T19:22:07.682327+0100 | INFO | Parsing XML and saving as JSON...
2024-12-17T19:22:07.782306+0100 | INFO | Structured data saved to JSON: C:\Users\Mohd Uwaish\Desktop\MS\SEM_4\MIR_SEMINAR\digis\data-preprocessing\data\processed\paper_data_extracted.json
2024-12-17T19:23:01.008554+0100 | INFO | Exiting the preprocessing pipeline.
2024-12-17T19:23:07.575645+0100 | INFO | Running Step 2: Structured Content Extraction...
2024-12-17T19:23:07.576636+0100 | INFO | Initializing GrobidExtractor...
2024-12-17T19:23:07.577648+0100 | INFO | Starting GROBID extraction...
2024-12-17T19:23:12.706361+0100 | INFO | Parsing XML and saving as JSON...
2024-12-17T19:23:12.852104+0100 | INFO | Structured data saved to JSON: C:\Users\Mohd Uwaish\Desktop\MS\SEM_4\MIR_SEMINAR\digis\data-preprocessing\data\processed\paperr_data_extracted.json
2024-12-17T19:26:07.191767+0100 | INFO | Running Step 3: Clean and Index Extracted Sections...
2024-12-17T19:26:07.192769+0100 | INFO | Initializing TextCleaner...
2024-12-17T19:26:07.193767+0100 | ERROR | File not found: C:\Users\Mohd Uwaish\Desktop\MS\SEM_4\MIR_SEMINAR\digis\data-preprocessing\data\processed\paper_data_extracted.json. Run Step 2 first.
2024-12-17T19:26:37.522693+0100 | INFO | Exiting the preprocessing pipeline.
2024-12-17T19:26:40.675138+0100 | INFO | Running Step 3: Clean and Index Extracted Sections...
2024-12-17T19:26:40.676138+0100 | INFO | Initializing TextCleaner...
2024-12-17T19:26:40.677142+0100 | INFO | Starting cleaning and indexing of extracted sections...
2024-12-17T19:26:40.679146+0100 | INFO | Cleaning section 1: Introduction
2024-12-17T19:26:40.687975+0100 | INFO | Cleaning section 2: Related Work
2024-12-17T19:26:40.688973+0100 | INFO | Cleaning section 3: Problem Formulation
2024-12-17T19:26:40.689978+0100 | INFO | Cleaning section 4: References Analysis Technique Generalization Bound Result
2024-12-17T19:26:40.690992+0100 | INFO | Cleaning section 5: Arora et al. [2019]
2024-12-17T19:26:40.690992+0100 | INFO | Cleaning section 6: Main Results
2024-12-17T19:26:40.691975+0100 | INFO | Cleaning section 7: Contributions
2024-12-17T19:26:40.693026+0100 | INFO | Cleaning section 8: Notations
2024-12-17T19:26:40.693993+0100 | INFO | Cleaning section 9: Basic Bound
2024-12-17T19:26:40.695001+0100 | INFO | Cleaning section 10: Loss Augmentation
2024-12-17T19:26:40.696972+0100 | INFO | Cleaning section 11: Parameter Counting Bound
2024-12-17T19:26:40.696972+0100 | INFO | Cleaning section 12: Generalization Analysis for Deep Contrastive Representation Learning
2024-12-17T19:26:40.699013+0100 | INFO | Cleaning section 13: Downstream Classification
2024-12-17T19:26:40.699972+0100 | INFO | Cleaning section 14: Conclusion and Further Works
2024-12-17T19:26:40.700978+0100 | INFO | Cleaning section 15: A Table of Notations
2024-12-17T19:26:40.701975+0100 | INFO | Cleaning section 16: Constants relating to parameters space a l
2024-12-17T19:26:40.702975+0100 | INFO | Cleaning section 17: Empirical terms
2024-12-17T19:26:40.702975+0100 | INFO | Cleaning section 18: B Rademacher Complexity
2024-12-17T19:26:40.703977+0100 | INFO | Cleaning section 19: C Important Covering Number Bounds
2024-12-17T19:26:40.704972+0100 | INFO | Cleaning section 20: D Basic Bound
2024-12-17T19:26:40.706072+0100 | INFO | Cleaning section 21: (D.2)
2024-12-17T19:26:40.708048+0100 | INFO | Cleaning section 22: D.2 Proof of Theorem 1
2024-12-17T19:26:40.708987+0100 | INFO | Cleaning section 23: E Loss Augmentation
2024-12-17T19:26:40.709989+0100 | INFO | Cleaning section 24: 2
2024-12-17T19:26:40.710987+0100 | INFO | Cleaning section 25: Construct the cover for G:
2024-12-17T19:26:40.711773+0100 | INFO | Cleaning section 26: Generalization Analysis for Deep Contrastive Representation Learning E.2 Proof of Theorem 3
2024-12-17T19:26:40.714935+0100 | INFO | Cleaning section 27: F Parameter-Counting Bound
2024-12-17T19:26:40.715973+0100 | INFO | Cleaning section 28: F.1 Some Supporting Results
2024-12-17T19:26:40.716939+0100 | INFO | Cleaning section 29: F.2 Proof of Theorem 4
2024-12-17T19:26:40.717936+0100 | INFO | Cleaning section 30: G Post-hoc Analysis
2024-12-17T19:26:40.718973+0100 | INFO | Cleaning section 31: Generalization bound
2024-12-17T19:26:40.719935+0100 | INFO | Cleaning section 32: I Discussion -Cross-Entropy Inspired Loss Functions
2024-12-17T19:26:40.720944+0100 | INFO | Cleaning section 33: Loss Function
2024-12-17T19:26:40.720944+0100 | INFO | Cleaning section 34: J Additional Experiments
2024-12-17T19:26:40.721935+0100 | INFO | Cleaning section 35: K Hardware and Software Specifications
2024-12-17T19:26:40.727936+0100 | INFO | Cleaned and indexed JSON saved to: C:\Users\Mohd Uwaish\Desktop\MS\SEM_4\MIR_SEMINAR\digis\data-preprocessing\data\cleaned\paperr_data_extracted.json
2024-12-17T19:26:40.727936+0100 | INFO | Cleaned JSON saved at C:\Users\Mohd Uwaish\Desktop\MS\SEM_4\MIR_SEMINAR\digis\data-preprocessing\data\cleaned\paperr_data_extracted.json
2025-03-07T10:42:50.454240+0100 | INFO | Running Step 1: Load PDF...
2025-03-07T10:42:50.468026+0100 | INFO | Initializing PDFLoader...
